<?xml version="1.0" encoding="UTF-8"?>
<testng-results ignored="0" total="1" passed="1" failed="0" skipped="0">
  <reporter-output>
    <line>
      <![CDATA[testA...]]>
    </line>
  </reporter-output>
  <suite started-at="2023-06-22T14:49:19 IST" name="Default suite" finished-at="2023-06-22T14:49:19 IST" duration-ms="87">
    <groups>
    </groups>
    <test started-at="2023-06-22T14:49:19 IST" name="Default test" finished-at="2023-06-22T14:49:19 IST" duration-ms="87">
      <class name="day27.Demo5">
        <test-method signature="testA()[pri:0, instance:day27.Demo5@67c27493]" started-at="2023-06-22T14:49:19 IST" name="testA" finished-at="2023-06-22T14:49:19 IST" duration-ms="21" status="PASS">
          <reporter-output>
            <line>
              <![CDATA[testA...]]>
            </line>
          </reporter-output>
        </test-method> <!-- testA -->
      </class> <!-- day27.Demo5 -->
    </test> <!-- Default test -->
  </suite> <!-- Default suite -->
</testng-results>
